<?xml version="1.0" encoding="UTF-8"?>
<testsuite name="Academy Choucair" tests="1" skipped="1" failures="0" errors="0" timestamp="2021-02-18T06:52:05" hostname="DESKTOP-4CO7736" time="0.032">
  <properties/>
  <testcase name="Search for automation course" classname="Academy Choucair" time="0.032">
    <skipped/>
  </testcase>
  <system-out><![CDATA[]]></system-out>
  <system-err><![CDATA[[Test worker] WARN net.thucydides.core.steps.BaseStepListener - stepStarted: net.thucydides.core.steps.ExecutedStepDescription@674317be
[Test worker] INFO net.thucydides.core.steps.ConsoleLoggingListener - TEST PENDING
[Test worker] WARN net.thucydides.core.steps.BaseStepListener - stepStarted: net.thucydides.core.steps.ExecutedStepDescription@406259f5
[Test worker] WARN net.thucydides.core.steps.BaseStepListener - stepStarted: net.thucydides.core.steps.ExecutedStepDescription@5b0bc791
[Test worker] WARN net.thucydides.core.steps.BaseStepListener - testFinished: Search for automation course:Example: {strUser=rpenaa, strPassword=Febrero.2020, strCourse=Metodologia Bancolombia} [Given than Brandon wants to learn automation at the academy Choucair
| strUser | strPassword |
| rpenaa | Febrero.2020 |, When he search for the course (.*) on the Choucair academy platform
| strCourse |
| Metodologia Bancolombia |, Then he finds the course called resources Recursos Autmotizacion Bancolombia
| strCourse |
| Metodologia Bancolombia |]
[Test worker] WARN net.thucydides.core.steps.BaseStepListener - TestOutcomes: [Search for automation course:Example: {strUser=rpenaa, strPassword=Febrero.2020, strCourse=Metodologia Bancolombia} [Given than Brandon wants to learn automation at the academy Choucair
| strUser | strPassword |
| rpenaa | Febrero.2020 |, When he search for the course (.*) on the Choucair academy platform
| strCourse |
| Metodologia Bancolombia |, Then he finds the course called resources Recursos Autmotizacion Bancolombia
| strCourse |
| Metodologia Bancolombia |]]
[Test worker] WARN net.thucydides.core.steps.BaseStepListener - Final testOutcomes: [Search for automation course:Example: {strUser=rpenaa, strPassword=Febrero.2020, strCourse=Metodologia Bancolombia} [Given than Brandon wants to learn automation at the academy Choucair
| strUser | strPassword |
| rpenaa | Febrero.2020 |, When he search for the course (.*) on the Choucair academy platform
| strCourse |
| Metodologia Bancolombia |, Then he finds the course called resources Recursos Autmotizacion Bancolombia
| strCourse |
| Metodologia Bancolombia |]]
[Test worker] INFO net.thucydides.core.steps.ConsoleLoggingListener - 
          __  _____ _____ ____ _____   ____  _____ _   _ ____ ___ _   _  ____ 
 _       / / |_   _| ____/ ___|_   _| |  _ \| ____| \ | |  _ \_ _| \ | |/ ___|
(_)____ / /    | | |  _| \___ \ | |   | |_) |  _| |  \| | | | | ||  \| | |  _ 
 |_____/ /     | | | |___ ___) || |   |  __/| |___| |\  | |_| | || |\  | |_| |
(_)   /_/      |_| |_____|____/ |_|   |_|   |_____|_| \_|____/___|_| \_|\____|
                                                                                

TEST PENDING: Search for automation course
---------------------------------------------------------------------------------
]]></system-err>
</testsuite>
